2022-06-28 17:48:20.216  INFO 161708 --- [main] i.g.c.m.MsclientesApplicationTests       : Starting MsclientesApplicationTests using Java 17.0.3 on lnb028672cps with PID 161708 (started by CIANDT\rodolfoalvarenga in /home/rodolfoalvarenga/Estudos/Spring/dougllas-sousa-udemy-ms-spring-rabbit/project/projeto-cursoms/msclientes)
2022-06-28 17:48:20.218  INFO 161708 --- [main] i.g.c.m.MsclientesApplicationTests       : No active profile set, falling back to 1 default profile: "default"
2022-06-28 17:48:22.056  INFO 161708 --- [main] .s.d.r.c.RepositoryConfigurationDelegate : Bootstrapping Spring Data JPA repositories in DEFAULT mode.
2022-06-28 17:48:22.366  INFO 161708 --- [main] .s.d.r.c.RepositoryConfigurationDelegate : Finished Spring Data repository scanning in 285 ms. Found 1 JPA repository interfaces.
2022-06-28 17:48:22.770  INFO 161708 --- [main] o.s.cloud.context.scope.GenericScope     : BeanFactory id=62298a01-ccc0-3baa-82ba-3803c20491b1
2022-06-28 17:48:23.413  INFO 161708 --- [main] com.zaxxer.hikari.HikariDataSource       : HikariPool-1 - Starting...
2022-06-28 17:48:23.668  INFO 161708 --- [main] com.zaxxer.hikari.HikariDataSource       : HikariPool-1 - Start completed.
2022-06-28 17:48:23.742  INFO 161708 --- [main] o.hibernate.jpa.internal.util.LogHelper  : HHH000204: Processing PersistenceUnitInfo [name: default]
2022-06-28 17:48:23.803  INFO 161708 --- [main] org.hibernate.Version                    : HHH000412: Hibernate ORM core version 5.6.9.Final
2022-06-28 17:48:23.963  INFO 161708 --- [main] o.hibernate.annotations.common.Version   : HCANN000001: Hibernate Commons Annotations {5.1.2.Final}
2022-06-28 17:48:24.078  INFO 161708 --- [main] org.hibernate.dialect.Dialect            : HHH000400: Using dialect: org.hibernate.dialect.H2Dialect
2022-06-28 17:48:24.672  INFO 161708 --- [main] o.h.e.t.j.p.i.JtaPlatformInitiator       : HHH000490: Using JtaPlatform implementation: [org.hibernate.engine.transaction.jta.platform.internal.NoJtaPlatform]
2022-06-28 17:48:24.681  INFO 161708 --- [main] j.LocalContainerEntityManagerFactoryBean : Initialized JPA EntityManagerFactory for persistence unit 'default'
2022-06-28 17:48:25.519  WARN 161708 --- [main] JpaBaseConfiguration$JpaWebConfiguration : spring.jpa.open-in-view is enabled by default. Therefore, database queries may be performed during view rendering. Explicitly configure spring.jpa.open-in-view to disable this warning
2022-06-28 17:48:28.297  INFO 161708 --- [main] DiscoveryClientOptionalArgsConfiguration : Eureka HTTP Client uses RestTemplate.
2022-06-28 17:48:28.476  WARN 161708 --- [main] iguration$LoadBalancerCaffeineWarnLogger : Spring Cloud LoadBalancer is currently working with the default cache. While this cache implementation is useful for development and tests, it's recommended to use Caffeine cache in production.You can switch to using Caffeine cache, by adding it and org.springframework.cache.caffeine.CaffeineCacheManager to the classpath.
2022-06-28 17:48:28.497  INFO 161708 --- [main] o.s.b.a.e.web.EndpointLinksResolver      : Exposing 17 endpoint(s) beneath base path '/actuator'
2022-06-28 17:48:28.603  INFO 161708 --- [main] i.g.c.m.MsclientesApplicationTests       : Started MsclientesApplicationTests in 8.922 seconds (JVM running for 9.98)
2022-06-28 17:48:28.958  INFO 161708 --- [SpringApplicationShutdownHook] o.s.c.n.eureka.InstanceInfoFactory       : Setting initial instance status as: STARTING
2022-06-28 17:48:28.964  INFO 161708 --- [SpringApplicationShutdownHook] o.s.c.n.e.s.EurekaServiceRegistry        : Unregistering application MSCLIENTES with eureka with status DOWN
2022-06-28 17:48:28.977  INFO 161708 --- [SpringApplicationShutdownHook] j.LocalContainerEntityManagerFactoryBean : Closing JPA EntityManagerFactory for persistence unit 'default'
2022-06-28 17:48:28.978  INFO 161708 --- [SpringApplicationShutdownHook] .SchemaDropperImpl$DelayedDropActionImpl : HHH000477: Starting delayed evictData of schema as part of SessionFactory shut-down'
2022-06-28 17:48:28.986  INFO 161708 --- [SpringApplicationShutdownHook] com.zaxxer.hikari.HikariDataSource       : HikariPool-1 - Shutdown initiated...
2022-06-28 17:48:28.993  INFO 161708 --- [SpringApplicationShutdownHook] com.zaxxer.hikari.HikariDataSource       : HikariPool-1 - Shutdown completed.
